<?xml version="1.0" encoding="UTF-8"?>
<testng-results ignored="0" total="1" passed="1" failed="0" skipped="0">
  <reporter-output>
  </reporter-output>
  <suite started-at="2022-01-24T23:06:11 ART" name="Default suite" finished-at="2022-01-24T23:06:29 ART" duration-ms="17505">
    <groups>
    </groups>
    <test started-at="2022-01-24T23:06:11 ART" name="Default test" finished-at="2022-01-24T23:06:29 ART" duration-ms="17505">
      <class name="com.remaxar.RemaxSearchDataTest">
        <test-method is-config="true" signature="SetUp()[pri:0, instance:com.remaxar.RemaxSearchDataTest@65aa6596]" started-at="2022-01-24T23:06:11 ART" name="SetUp" finished-at="2022-01-24T23:06:13 ART" duration-ms="1665" status="PASS">
          <reporter-output>
          </reporter-output>
        </test-method> <!-- SetUp -->
        <test-method signature="TestBusdquedaPortada()[pri:1, instance:com.remaxar.RemaxSearchDataTest@65aa6596]" started-at="2022-01-24T23:06:13 ART" name="TestBusdquedaPortada" finished-at="2022-01-24T23:06:25 ART" duration-ms="12557" status="PASS">
          <reporter-output>
          </reporter-output>
        </test-method> <!-- TestBusdquedaPortada -->
        <test-method is-config="true" signature="TearDown()[pri:0, instance:com.remaxar.RemaxSearchDataTest@65aa6596]" started-at="2022-01-24T23:06:25 ART" name="TearDown" finished-at="2022-01-24T23:06:29 ART" duration-ms="3254" status="PASS">
          <reporter-output>
          </reporter-output>
        </test-method> <!-- TearDown -->
      </class> <!-- com.remaxar.RemaxSearchDataTest -->
    </test> <!-- Default test -->
  </suite> <!-- Default suite -->
</testng-results>
