<?xml version="1.0" encoding="UTF-8"?>
<!-- Generated by org.testng.reporters.JUnitXMLReporter -->
<testsuite ignored="0" hostname="DESKTOP-B60PPSI" failures="1" tests="2" name="FIREFOX" time="70.244" errors="0" timestamp="2022-02-28T23:24:34 ART">
  <testcase classname="com.remaxar.RemaxSearchDataTest" name="@AfterTest TearDown" time="2.296">
    <failure type="org.openqa.selenium.NoSuchSessionException" message="Tried to run command without establishing a connection
Build info: version: &amp;apos;4.1.1&amp;apos;, revision: &amp;apos;e8fcc2cecf&amp;apos;
System info: host: &amp;apos;DESKTOP-B60PPSI&amp;apos;, ip: &amp;apos;192.168.100.3&amp;apos;, os.name: &amp;apos;Windows 10&amp;apos;, os.arch: &amp;apos;amd64&amp;apos;, os.version: &amp;apos;10.0&amp;apos;, java.version: &amp;apos;16.0.2&amp;apos;
Driver info: org.openqa.selenium.remote.RemoteWebDriver
Command: [45b16828-4205-4729-9c08-81a9f7a72ac7, quit {}]
Capabilities {acceptInsecureCerts: true, browserName: firefox, browserVersion: 97.0.1, javascriptEnabled: true, moz:accessibilityChecks: false, moz:buildID: 20220216172458, moz:debuggerAddress: localhost:9222, moz:geckodriverVersion: 0.30.0, moz:headless: false, moz:processID: 6400, moz:profile: C:\Users\arques\AppData\Loc..., moz:shutdownTimeout: 60000, moz:useNonSpecCompliantPointerOrigin: false, moz:webdriverClick: true, pageLoadStrategy: normal, platform: WINDOWS, platformName: WINDOWS, platformVersion: 10.0, proxy: Proxy(), setWindowRect: true, strictFileInteractability: false, timeouts: {implicit: 0, pageLoad: 300000, script: 30000}, unhandledPromptBehavior: ignore, webdriver.remote.sessionid: 45b16828-4205-4729-9c08-81a...}
Session ID: 45b16828-4205-4729-9c08-81a9f7a72ac7">
      <![CDATA[org.openqa.selenium.NoSuchSessionException: Tried to run command without establishing a connection
Build info: version: '4.1.1', revision: 'e8fcc2cecf'
System info: host: 'DESKTOP-B60PPSI', ip: '192.168.100.3', os.name: 'Windows 10', os.arch: 'amd64', os.version: '10.0', java.version: '16.0.2'
Driver info: org.openqa.selenium.remote.RemoteWebDriver
Command: [45b16828-4205-4729-9c08-81a9f7a72ac7, quit {}]
Capabilities {acceptInsecureCerts: true, browserName: firefox, browserVersion: 97.0.1, javascriptEnabled: true, moz:accessibilityChecks: false, moz:buildID: 20220216172458, moz:debuggerAddress: localhost:9222, moz:geckodriverVersion: 0.30.0, moz:headless: false, moz:processID: 6400, moz:profile: C:\Users\arques\AppData\Loc..., moz:shutdownTimeout: 60000, moz:useNonSpecCompliantPointerOrigin: false, moz:webdriverClick: true, pageLoadStrategy: normal, platform: WINDOWS, platformName: WINDOWS, platformVersion: 10.0, proxy: Proxy(), setWindowRect: true, strictFileInteractability: false, timeouts: {implicit: 0, pageLoad: 300000, script: 30000}, unhandledPromptBehavior: ignore, webdriver.remote.sessionid: 45b16828-4205-4729-9c08-81a...}
Session ID: 45b16828-4205-4729-9c08-81a9f7a72ac7
at org.openqa.selenium.remote.codec.w3c.W3CHttpResponseCodec.createException(W3CHttpResponseCodec.java:200)
at org.openqa.selenium.remote.codec.w3c.W3CHttpResponseCodec.decode(W3CHttpResponseCodec.java:133)
at org.openqa.selenium.remote.codec.w3c.W3CHttpResponseCodec.decode(W3CHttpResponseCodec.java:53)
at org.openqa.selenium.remote.HttpCommandExecutor.execute(HttpCommandExecutor.java:184)
at org.openqa.selenium.remote.TracedCommandExecutor.execute(TracedCommandExecutor.java:51)
at org.openqa.selenium.remote.RemoteWebDriver.execute(RemoteWebDriver.java:543)
at org.openqa.selenium.remote.RemoteWebDriver.execute(RemoteWebDriver.java:598)
at org.openqa.selenium.remote.RemoteWebDriver.execute(RemoteWebDriver.java:602)
at org.openqa.selenium.remote.RemoteWebDriver.quit(RemoteWebDriver.java:439)
at driver.BrowserFactoryCF.removeDriver(BrowserFactoryCF.java:70)
at com.remaxar.RemaxSearchDataTest.TearDown(RemaxSearchDataTest.java:148)
at java.base/java.util.concurrent.FutureTask.run(FutureTask.java:264)
at java.base/java.util.concurrent.ThreadPoolExecutor.runWorker(ThreadPoolExecutor.java:1130)
at java.base/java.util.concurrent.ThreadPoolExecutor$Worker.run(ThreadPoolExecutor.java:630)
at java.base/java.lang.Thread.run(Thread.java:831)
... Removed 20 stack frames]]>
    </failure>
  </testcase> <!-- @AfterTest TearDown -->
  <testcase classname="com.remaxar.RemaxSearchDataTest" name="Test_1_BusdquedaPortada" time="17.459"/>
  <testcase classname="com.remaxar.RemaxSearchDataTest" name="test_2_FiltrosRecoleccion" time="5.27">
    <failure type="org.openqa.selenium.ElementNotInteractableException" message="Element &amp;lt;qr-dropdown-select id=&amp;quot;select-operation&amp;quot;&amp;gt; could not be scrolled into view
Build info: version: &amp;apos;4.1.1&amp;apos;, revision: &amp;apos;e8fcc2cecf&amp;apos;
System info: host: &amp;apos;DESKTOP-B60PPSI&amp;apos;, ip: &amp;apos;192.168.100.3&amp;apos;, os.name: &amp;apos;Windows 10&amp;apos;, os.arch: &amp;apos;amd64&amp;apos;, os.version: &amp;apos;10.0&amp;apos;, java.version: &amp;apos;16.0.2&amp;apos;
Driver info: org.openqa.selenium.remote.RemoteWebDriver
Command: [45b16828-4205-4729-9c08-81a9f7a72ac7, clickElement {id=9cdc2ede-3c7a-4fb5-b90b-d7c934e413e7}]
Capabilities {acceptInsecureCerts: true, browserName: firefox, browserVersion: 97.0.1, javascriptEnabled: true, moz:accessibilityChecks: false, moz:buildID: 20220216172458, moz:debuggerAddress: localhost:9222, moz:geckodriverVersion: 0.30.0, moz:headless: false, moz:processID: 6400, moz:profile: C:\Users\arques\AppData\Loc..., moz:shutdownTimeout: 60000, moz:useNonSpecCompliantPointerOrigin: false, moz:webdriverClick: true, pageLoadStrategy: normal, platform: WINDOWS, platformName: WINDOWS, platformVersion: 10.0, proxy: Proxy(), setWindowRect: true, strictFileInteractability: false, timeouts: {implicit: 0, pageLoad: 300000, script: 30000}, unhandledPromptBehavior: ignore, webdriver.remote.sessionid: 45b16828-4205-4729-9c08-81a...}
Element: [[RemoteWebDriver: firefox on WINDOWS (45b16828-4205-4729-9c08-81a9f7a72ac7)] -&amp;gt; css selector: #select-operation]
Session ID: 45b16828-4205-4729-9c08-81a9f7a72ac7">
      <![CDATA[org.openqa.selenium.ElementNotInteractableException: Element <qr-dropdown-select id="select-operation"> could not be scrolled into view
Build info: version: '4.1.1', revision: 'e8fcc2cecf'
System info: host: 'DESKTOP-B60PPSI', ip: '192.168.100.3', os.name: 'Windows 10', os.arch: 'amd64', os.version: '10.0', java.version: '16.0.2'
Driver info: org.openqa.selenium.remote.RemoteWebDriver
Command: [45b16828-4205-4729-9c08-81a9f7a72ac7, clickElement {id=9cdc2ede-3c7a-4fb5-b90b-d7c934e413e7}]
Capabilities {acceptInsecureCerts: true, browserName: firefox, browserVersion: 97.0.1, javascriptEnabled: true, moz:accessibilityChecks: false, moz:buildID: 20220216172458, moz:debuggerAddress: localhost:9222, moz:geckodriverVersion: 0.30.0, moz:headless: false, moz:processID: 6400, moz:profile: C:\Users\arques\AppData\Loc..., moz:shutdownTimeout: 60000, moz:useNonSpecCompliantPointerOrigin: false, moz:webdriverClick: true, pageLoadStrategy: normal, platform: WINDOWS, platformName: WINDOWS, platformVersion: 10.0, proxy: Proxy(), setWindowRect: true, strictFileInteractability: false, timeouts: {implicit: 0, pageLoad: 300000, script: 30000}, unhandledPromptBehavior: ignore, webdriver.remote.sessionid: 45b16828-4205-4729-9c08-81a...}
Element: [[RemoteWebDriver: firefox on WINDOWS (45b16828-4205-4729-9c08-81a9f7a72ac7)] -> css selector: #select-operation]
Session ID: 45b16828-4205-4729-9c08-81a9f7a72ac7
at org.openqa.selenium.remote.codec.w3c.W3CHttpResponseCodec.createException(W3CHttpResponseCodec.java:200)
at org.openqa.selenium.remote.codec.w3c.W3CHttpResponseCodec.decode(W3CHttpResponseCodec.java:133)
at org.openqa.selenium.remote.codec.w3c.W3CHttpResponseCodec.decode(W3CHttpResponseCodec.java:53)
at org.openqa.selenium.remote.HttpCommandExecutor.execute(HttpCommandExecutor.java:184)
at org.openqa.selenium.remote.TracedCommandExecutor.execute(TracedCommandExecutor.java:51)
at org.openqa.selenium.remote.RemoteWebDriver.execute(RemoteWebDriver.java:543)
at org.openqa.selenium.remote.RemoteWebElement.execute(RemoteWebElement.java:251)
at org.openqa.selenium.remote.RemoteWebElement.click(RemoteWebElement.java:77)
at org.openqa.selenium.support.pagefactory.internal.LocatingElementHandler.invoke(LocatingElementHandler.java:52)
at jdk.proxy2/jdk.proxy2.$Proxy42.click(Unknown Source)
at pageModel.Base.clickElement(Base.java:29)
at pageModel.RemaxList.alquilerAVenta(RemaxList.java:43)
at com.remaxar.RemaxSearchDataTest.test_2_FiltrosRecoleccion(RemaxSearchDataTest.java:75)
at java.base/java.util.ArrayList.forEach(ArrayList.java:1511)
at java.base/java.util.concurrent.FutureTask.run(FutureTask.java:264)
at java.base/java.util.concurrent.ThreadPoolExecutor.runWorker(ThreadPoolExecutor.java:1130)
at java.base/java.util.concurrent.ThreadPoolExecutor$Worker.run(ThreadPoolExecutor.java:630)
at java.base/java.lang.Thread.run(Thread.java:831)
... Removed 27 stack frames]]>
    </failure>
  </testcase> <!-- test_2_FiltrosRecoleccion -->
</testsuite> <!-- FIREFOX -->
